<?xml version="1.0" encoding="UTF-8"?>
<!-- Generated by org.testng.reporters.JUnitReportReporter -->
<testsuite hostname="DESKTOP-JPVJA3L" failures="0" tests="1" name="TestNG_Fr.NewTest" time="0.005" errors="0" timestamp="26 Feb 2024 09:31:46 GMT" skipped="0">
  <testcase classname="TestNG_Fr.NewTest" name="testcase" time="0.005"/>
</testsuite> <!-- TestNG_Fr.NewTest -->
