<?xml version="1.0" encoding="UTF-8"?>
<!-- Generated by org.testng.reporters.JUnitReportReporter -->
<testsuite hostname="DESKTOP-JPVJA3L" failures="0" tests="2" name="TestNG_Fr.ParrallelTesting" time="0.017" errors="0" timestamp="27 Feb 2024 05:06:50 GMT" skipped="0">
  <testcase classname="TestNG_Fr.ParrallelTesting" name="testcase1" time="0.003"/>
  <testcase classname="TestNG_Fr.ParrallelTesting" name="testcase2" time="0.014"/>
</testsuite> <!-- TestNG_Fr.ParrallelTesting -->
