<?xml version="1.0" encoding="UTF-8"?>
<!-- Generated by org.testng.reporters.JUnitReportReporter -->
<testsuite hostname="DESKTOP-JPVJA3L" failures="0" tests="1" name="TestNG_Fr.CrossBrowser" time="17.381" errors="0" timestamp="27 Feb 2024 05:16:04 GMT" skipped="0">
  <testcase classname="TestNG_Fr.CrossBrowser" name="browsers" time="17.381"/>
</testsuite> <!-- TestNG_Fr.CrossBrowser -->
