<?xml version="1.0" encoding="UTF-8"?>
<!-- Generated by org.testng.reporters.JUnitReportReporter -->
<testsuite hostname="DESKTOP-JPVJA3L" failures="0" tests="1" name="Axis.ManipalTraining.test" time="0.027" errors="0" timestamp="2024-02-26T11:51:33 IST" skipped="0">
  <testcase classname="Axis.ManipalTraining.test" name="testAddition" time="0.027"/>
</testsuite> <!-- Axis.ManipalTraining.test -->
