<?xml version="1.0" encoding="UTF-8"?>
<!-- Generated by org.testng.reporters.JUnitReportReporter -->
<testsuite hostname="DESKTOP-JPVJA3L" failures="0" tests="1" name="TestNG_Fr.Grouping" time="0.010" errors="0" timestamp="27 Feb 2024 04:29:16 GMT" skipped="0">
  <testcase classname="TestNG_Fr.Grouping" name="testLogin" time="0.010"/>
</testsuite> <!-- TestNG_Fr.Grouping -->
