<?xml version="1.0" encoding="UTF-8"?>
<!-- Generated by org.testng.reporters.JUnitReportReporter -->
<testsuite hostname="DESKTOP-JPVJA3L" failures="0" tests="1" name="TestNG_Fr.softassert" time="0.020" errors="0" timestamp="27 Feb 2024 05:00:43 GMT" skipped="0">
  <testcase classname="TestNG_Fr.softassert" name="testCase1" time="0.020"/>
</testsuite> <!-- TestNG_Fr.softassert -->
