<?xml version="1.0" encoding="UTF-8"?>
<!-- Generated by org.testng.reporters.JUnitReportReporter -->
<testsuite hostname="DESKTOP-JPVJA3L" failures="0" tests="1" name="TestNG_Fr.Parameterization" time="0.015" errors="0" timestamp="27 Feb 2024 05:24:17 GMT" skipped="0">
  <testcase classname="TestNG_Fr.Parameterization" name="loginTest" time="0.015"/>
</testsuite> <!-- TestNG_Fr.Parameterization -->
