<?xml version="1.0" encoding="UTF-8"?>
<!-- Generated by org.testng.reporters.JUnitReportReporter -->
<testsuite hostname="DESKTOP-JPVJA3L" failures="0" tests="2" name="TestNG_Fr.ParallelTesting1" time="0.004" errors="0" timestamp="27 Feb 2024 05:06:50 GMT" skipped="0">
  <testcase classname="TestNG_Fr.ParallelTesting1" name="testCase3" time="0.002"/>
  <testcase classname="TestNG_Fr.ParallelTesting1" name="testCase4" time="0.002"/>
</testsuite> <!-- TestNG_Fr.ParallelTesting1 -->
